[[0.086232,{"lines":{"0":[["rabbit@optimusprime:~/projects/airomem/airomem-core$                            ",{}]],"1":[["                                                                                ",{}]],"2":[["                                                                                ",{}]],"3":[["                                                                                ",{}]],"4":[["                                                                                ",{}]],"5":[["                                                                                ",{}]],"6":[["                                                                                ",{}]],"7":[["                                                                                ",{}]],"8":[["                                                                                ",{}]],"9":[["                                                                                ",{}]],"10":[["                                                                                ",{}]],"11":[["                                                                                ",{}]],"12":[["                                                                                ",{}]],"13":[["                                                                                ",{}]],"14":[["                                                                                ",{}]],"15":[["                                                                                ",{}]],"16":[["                                                                                ",{}]],"17":[["                                                                                ",{}]],"18":[["                                                                                ",{}]],"19":[["                                                                                ",{}]],"20":[["                                                                                ",{}]],"21":[["                                                                                ",{}]],"22":[["                                                                                ",{}]],"23":[["                                                                                ",{}]]},"cursor":{"x":53,"y":0,"visible":true}}],[3.413567,{"lines":{"0":[["rabbit@optimusprime:~/projects/airomem/airomem-core$ m                          ",{}]]},"cursor":{"x":54}}],[0.221569,{"lines":{"0":[["rabbit@optimusprime:~/projects/airomem/airomem-core$ mv                         ",{}]]},"cursor":{"x":55}}],[0.162105,{"lines":{"0":[["rabbit@optimusprime:~/projects/airomem/airomem-core$ mvn                        ",{}]]},"cursor":{"x":56}}],[0.190597,{"cursor":{"x":57}}],[0.11936,{"lines":{"0":[["rabbit@optimusprime:~/projects/airomem/airomem-core$ mvn c                      ",{}]]},"cursor":{"x":58}}],[0.169493,{"lines":{"0":[["rabbit@optimusprime:~/projects/airomem/airomem-core$ mvn cl                     ",{}]]},"cursor":{"x":59}}],[0.144191,{"lines":{"0":[["rabbit@optimusprime:~/projects/airomem/airomem-core$ mvn cle                    ",{}]]},"cursor":{"x":60}}],[0.193291,{"lines":{"0":[["rabbit@optimusprime:~/projects/airomem/airomem-core$ mvn clea                   ",{}]]},"cursor":{"x":61}}],[0.142789,{"lines":{"0":[["rabbit@optimusprime:~/projects/airomem/airomem-core$ mvn clean                  ",{}]]},"cursor":{"x":62}}],[0.174138,{"cursor":{"x":63}}],[0.178584,{"lines":{"0":[["rabbit@optimusprime:~/projects/airomem/airomem-core$ mvn clean i                ",{}]]},"cursor":{"x":64}}],[0.080551,{"lines":{"0":[["rabbit@optimusprime:~/projects/airomem/airomem-core$ mvn clean in               ",{}]]},"cursor":{"x":65}}],[0.041317,{"lines":{"0":[["rabbit@optimusprime:~/projects/airomem/airomem-core$ mvn clean ins              ",{}]]},"cursor":{"x":66}}],[0.169261,{"lines":{"0":[["rabbit@optimusprime:~/projects/airomem/airomem-core$ mvn clean inst             ",{}]]},"cursor":{"x":67}}],[0.059897,{"lines":{"0":[["rabbit@optimusprime:~/projects/airomem/airomem-core$ mvn clean insta            ",{}]]},"cursor":{"x":68}}],[0.182631,{"lines":{"0":[["rabbit@optimusprime:~/projects/airomem/airomem-core$ mvn clean instal           ",{}]]},"cursor":{"x":69}}],[0.145865,{"lines":{"0":[["rabbit@optimusprime:~/projects/airomem/airomem-core$ mvn clean install          ",{}]]},"cursor":{"x":70}}],[1.645437,{"cursor":{"x":0,"y":1}}],[1.320969,{"lines":{"1":[["[INFO] Scanning for projects...                                                 ",{}]]},"cursor":{"y":2}}],[0.09649099999999999,{"lines":{"2":[["[INFO]                                                                          ",{}]],"3":[["[INFO] ------------------------------------------------------------------------ ",{}]]},"cursor":{"x":79,"y":3}}],[0.003907,{"lines":{"4":[["[INFO] Building airomem-core 1.0-SNAPSHOT                                       ",{}]],"5":[["[INFO] ------------------------------------------------------------------------ ",{}]]},"cursor":{"x":0,"y":6}}],[0.294951,{"lines":{"6":[["[INFO]                                                                          ",{}]]},"cursor":{"y":7}}],[3.2e-05,{"lines":{"7":[["[INFO] --- maven-clean-plugin:2.5:clean (default-clean) @ airomem-core ---      ",{}]]},"cursor":{"y":8}}],[0.080521,{"lines":{"8":[["[INFO] Deleting /home/rabbit/projects/airomem/airomem-core/target               ",{}]]},"cursor":{"y":9}}],[0.010794,{"lines":{"9":[["[INFO]                                                                          ",{}]],"10":[["[INFO] --- jacoco-maven-plugin:0.7.1.201405082137:prepare-agent (default-prepare",{}]],"11":[["-agent) @ airomem-core ---                                                      ",{}]]},"cursor":{"y":12}}],[0.469091,{"lines":{"12":[["[INFO] argLine set to -javaagent:/home/rabbit/.m2/repository/org/jacoco/org.jaco",{}]],"13":[["co.agent/0.7.1.201405082137/org.jacoco.agent-0.7.1.201405082137-runtime.jar=dest",{}]],"14":[["file=/home/rabbit/projects/airomem/airomem-core/target/jacoco.exec              ",{}]]},"cursor":{"y":15}}],[0.000399,{"lines":{"15":[["[INFO]                                                                          ",{}]],"16":[["[INFO] --- maven-resources-plugin:2.6:resources (default-resources) @ airomem-co",{}]],"17":[["re ---                                                                          ",{}]]},"cursor":{"y":18}}],[0.161068,{"lines":{"18":[["[INFO] Using 'UTF-8' encoding to copy filtered resources.                       ",{}]]},"cursor":{"x":57}}],[0.000987,{"lines":{"0":[["[INFO] Scanning for projects...                                                 ",{}]],"1":[["[INFO]                                                                          ",{}]],"2":[["[INFO] ------------------------------------------------------------------------ ",{}]],"3":[["[INFO] Building airomem-core 1.0-SNAPSHOT                                       ",{}]],"4":[["[INFO] ------------------------------------------------------------------------ ",{}]],"5":[["[INFO]                                                                          ",{}]],"6":[["[INFO] --- maven-clean-plugin:2.5:clean (default-clean) @ airomem-core ---      ",{}]],"7":[["[INFO] Deleting /home/rabbit/projects/airomem/airomem-core/target               ",{}]],"8":[["[INFO]                                                                          ",{}]],"9":[["[INFO] --- jacoco-maven-plugin:0.7.1.201405082137:prepare-agent (default-prepare",{}]],"10":[["-agent) @ airomem-core ---                                                      ",{}]],"11":[["[INFO] argLine set to -javaagent:/home/rabbit/.m2/repository/org/jacoco/org.jaco",{}]],"12":[["co.agent/0.7.1.201405082137/org.jacoco.agent-0.7.1.201405082137-runtime.jar=dest",{}]],"13":[["file=/home/rabbit/projects/airomem/airomem-core/target/jacoco.exec              ",{}]],"14":[["[INFO]                                                                          ",{}]],"15":[["[INFO] --- maven-resources-plugin:2.6:resources (default-resources) @ airomem-co",{}]],"16":[["re ---                                                                          ",{}]],"17":[["[INFO] Using 'UTF-8' encoding to copy filtered resources.                       ",{}]],"18":[["[INFO] skip non existing resourceDirectory /home/rabbit/projects/airomem/airomem",{}]],"19":[["-core/src/main/resources                                                        ",{}]],"20":[["[INFO]                                                                          ",{}]],"21":[["[INFO] --- maven-compiler-plugin:2.5.1:compile (default-compile) @ airomem-core ",{}]],"22":[["---                                                                             ",{}]]},"cursor":{"x":0,"y":23}}],[0.15642,{"lines":{"0":[["[INFO] ------------------------------------------------------------------------ ",{}]],"1":[["[INFO] Building airomem-core 1.0-SNAPSHOT                                       ",{}]],"3":[["[INFO]                                                                          ",{}]],"4":[["[INFO] --- maven-clean-plugin:2.5:clean (default-clean) @ airomem-core ---      ",{}]],"5":[["[INFO] Deleting /home/rabbit/projects/airomem/airomem-core/target               ",{}]],"6":[["[INFO]                                                                          ",{}]],"7":[["[INFO] --- jacoco-maven-plugin:0.7.1.201405082137:prepare-agent (default-prepare",{}]],"8":[["-agent) @ airomem-core ---                                                      ",{}]],"9":[["[INFO] argLine set to -javaagent:/home/rabbit/.m2/repository/org/jacoco/org.jaco",{}]],"10":[["co.agent/0.7.1.201405082137/org.jacoco.agent-0.7.1.201405082137-runtime.jar=dest",{}]],"11":[["file=/home/rabbit/projects/airomem/airomem-core/target/jacoco.exec              ",{}]],"12":[["[INFO]                                                                          ",{}]],"13":[["[INFO] --- maven-resources-plugin:2.6:resources (default-resources) @ airomem-co",{}]],"14":[["re ---                                                                          ",{}]],"15":[["[INFO] Using 'UTF-8' encoding to copy filtered resources.                       ",{}]],"16":[["[INFO] skip non existing resourceDirectory /home/rabbit/projects/airomem/airomem",{}]],"17":[["-core/src/main/resources                                                        ",{}]],"18":[["[INFO]                                                                          ",{}]],"19":[["[INFO] --- maven-compiler-plugin:2.5.1:compile (default-compile) @ airomem-core ",{}]],"20":[["---                                                                             ",{}]],"21":[["[INFO] Compiling 16 source files to /home/rabbit/projects/airomem/airomem-core/t",{}]],"22":[["arget/classes                                                                   ",{}]]}}],[1.419979,{"lines":{"0":[["[INFO] Building airomem-core 1.0-SNAPSHOT                                       ",{}]],"1":[["[INFO] ------------------------------------------------------------------------ ",{}]],"2":[["[INFO]                                                                          ",{}]],"3":[["[INFO] --- maven-clean-plugin:2.5:clean (default-clean) @ airomem-core ---      ",{}]],"4":[["[INFO] Deleting /home/rabbit/projects/airomem/airomem-core/target               ",{}]],"5":[["[INFO]                                                                          ",{}]],"6":[["[INFO] --- jacoco-maven-plugin:0.7.1.201405082137:prepare-agent (default-prepare",{}]],"7":[["-agent) @ airomem-core ---                                                      ",{}]],"8":[["[INFO] argLine set to -javaagent:/home/rabbit/.m2/repository/org/jacoco/org.jaco",{}]],"9":[["co.agent/0.7.1.201405082137/org.jacoco.agent-0.7.1.201405082137-runtime.jar=dest",{}]],"10":[["file=/home/rabbit/projects/airomem/airomem-core/target/jacoco.exec              ",{}]],"11":[["[INFO]                                                                          ",{}]],"12":[["[INFO] --- maven-resources-plugin:2.6:resources (default-resources) @ airomem-co",{}]],"13":[["re ---                                                                          ",{}]],"14":[["[INFO] Using 'UTF-8' encoding to copy filtered resources.                       ",{}]],"15":[["[INFO] skip non existing resourceDirectory /home/rabbit/projects/airomem/airomem",{}]],"16":[["-core/src/main/resources                                                        ",{}]],"17":[["[INFO]                                                                          ",{}]],"18":[["[INFO] --- maven-compiler-plugin:2.5.1:compile (default-compile) @ airomem-core ",{}]],"19":[["---                                                                             ",{}]],"20":[["[INFO] Compiling 16 source files to /home/rabbit/projects/airomem/airomem-core/t",{}]],"21":[["arget/classes                                                                   ",{}]],"22":[["[INFO]                                                                          ",{}]]}}],[0.014052,{"lines":{"0":[["file=/home/rabbit/projects/airomem/airomem-core/target/jacoco.exec              ",{}]],"1":[["[INFO]                                                                          ",{}]],"2":[["[INFO] --- maven-resources-plugin:2.6:resources (default-resources) @ airomem-co",{}]],"3":[["re ---                                                                          ",{}]],"4":[["[INFO] Using 'UTF-8' encoding to copy filtered resources.                       ",{}]],"5":[["[INFO] skip non existing resourceDirectory /home/rabbit/projects/airomem/airomem",{}]],"6":[["-core/src/main/resources                                                        ",{}]],"7":[["[INFO]                                                                          ",{}]],"8":[["[INFO] --- maven-compiler-plugin:2.5.1:compile (default-compile) @ airomem-core ",{}]],"9":[["---                                                                             ",{}]],"10":[["[INFO] Compiling 16 source files to /home/rabbit/projects/airomem/airomem-core/t",{}]],"11":[["arget/classes                                                                   ",{}]],"12":[["[INFO]                                                                          ",{}]],"13":[["[INFO] --- maven-resources-plugin:2.6:testResources (default-testResources) @ ai",{}]],"14":[["romem-core ---                                                                  ",{}]],"15":[["[INFO] Using 'UTF-8' encoding to copy filtered resources.                       ",{}]],"16":[["[INFO] skip non existing resourceDirectory /home/rabbit/projects/airomem/airomem",{}]],"17":[["-core/src/test/resources                                                        ",{}]],"18":[["[INFO]                                                                          ",{}]],"19":[["[INFO] --- maven-compiler-plugin:2.5.1:testCompile (default-testCompile) @ airom",{}]],"20":[["em-core ---                                                                     ",{}]],"21":[["[INFO] Compiling 14 source files to /home/rabbit/projects/airomem/airomem-core/t",{}]],"22":[["arget/test-classes                                                              ",{}]]}}],[0.46199,{"lines":{"0":[["[INFO]                                                                          ",{}]],"1":[["[INFO] --- maven-resources-plugin:2.6:resources (default-resources) @ airomem-co",{}]],"2":[["re ---                                                                          ",{}]],"3":[["[INFO] Using 'UTF-8' encoding to copy filtered resources.                       ",{}]],"4":[["[INFO] skip non existing resourceDirectory /home/rabbit/projects/airomem/airomem",{}]],"5":[["-core/src/main/resources                                                        ",{}]],"6":[["[INFO]                                                                          ",{}]],"7":[["[INFO] --- maven-compiler-plugin:2.5.1:compile (default-compile) @ airomem-core ",{}]],"8":[["---                                                                             ",{}]],"9":[["[INFO] Compiling 16 source files to /home/rabbit/projects/airomem/airomem-core/t",{}]],"10":[["arget/classes                                                                   ",{}]],"11":[["[INFO]                                                                          ",{}]],"12":[["[INFO] --- maven-resources-plugin:2.6:testResources (default-testResources) @ ai",{}]],"13":[["romem-core ---                                                                  ",{}]],"14":[["[INFO] Using 'UTF-8' encoding to copy filtered resources.                       ",{}]],"15":[["[INFO] skip non existing resourceDirectory /home/rabbit/projects/airomem/airomem",{}]],"16":[["-core/src/test/resources                                                        ",{}]],"17":[["[INFO]                                                                          ",{}]],"18":[["[INFO] --- maven-compiler-plugin:2.5.1:testCompile (default-testCompile) @ airom",{}]],"19":[["em-core ---                                                                     ",{}]],"20":[["[INFO] Compiling 14 source files to /home/rabbit/projects/airomem/airomem-core/t",{}]],"21":[["arget/test-classes                                                              ",{}]],"22":[["[INFO]                                                                          ",{}]],"23":[["[INFO] --- maven-surefire-plugin:2.12.4:test (default-test) @ airomem-core ---  ",{}]]},"cursor":{"x":78}}],[4.4e-05,{"lines":{"0":[["[INFO] --- maven-resources-plugin:2.6:resources (default-resources) @ airomem-co",{}]],"1":[["re ---                                                                          ",{}]],"2":[["[INFO] Using 'UTF-8' encoding to copy filtered resources.                       ",{}]],"3":[["[INFO] skip non existing resourceDirectory /home/rabbit/projects/airomem/airomem",{}]],"4":[["-core/src/main/resources                                                        ",{}]],"5":[["[INFO]                                                                          ",{}]],"6":[["[INFO] --- maven-compiler-plugin:2.5.1:compile (default-compile) @ airomem-core ",{}]],"7":[["---                                                                             ",{}]],"8":[["[INFO] Compiling 16 source files to /home/rabbit/projects/airomem/airomem-core/t",{}]],"9":[["arget/classes                                                                   ",{}]],"10":[["[INFO]                                                                          ",{}]],"11":[["[INFO] --- maven-resources-plugin:2.6:testResources (default-testResources) @ ai",{}]],"12":[["romem-core ---                                                                  ",{}]],"13":[["[INFO] Using 'UTF-8' encoding to copy filtered resources.                       ",{}]],"14":[["[INFO] skip non existing resourceDirectory /home/rabbit/projects/airomem/airomem",{}]],"15":[["-core/src/test/resources                                                        ",{}]],"16":[["[INFO]                                                                          ",{}]],"17":[["[INFO] --- maven-compiler-plugin:2.5.1:testCompile (default-testCompile) @ airom",{}]],"18":[["em-core ---                                                                     ",{}]],"19":[["[INFO] Compiling 14 source files to /home/rabbit/projects/airomem/airomem-core/t",{}]],"20":[["arget/test-classes                                                              ",{}]],"21":[["[INFO]                                                                          ",{}]],"22":[["[INFO] --- maven-surefire-plugin:2.12.4:test (default-test) @ airomem-core ---  ",{}]],"23":[["                                                                                ",{}]]},"cursor":{"x":0}}],[0.139006,{"lines":{"0":[["[INFO] Using 'UTF-8' encoding to copy filtered resources.                       ",{}]],"1":[["[INFO] skip non existing resourceDirectory /home/rabbit/projects/airomem/airomem",{}]],"2":[["-core/src/main/resources                                                        ",{}]],"3":[["[INFO]                                                                          ",{}]],"4":[["[INFO] --- maven-compiler-plugin:2.5.1:compile (default-compile) @ airomem-core ",{}]],"5":[["---                                                                             ",{}]],"6":[["[INFO] Compiling 16 source files to /home/rabbit/projects/airomem/airomem-core/t",{}]],"7":[["arget/classes                                                                   ",{}]],"8":[["[INFO]                                                                          ",{}]],"9":[["[INFO] --- maven-resources-plugin:2.6:testResources (default-testResources) @ ai",{}]],"10":[["romem-core ---                                                                  ",{}]],"11":[["[INFO] Using 'UTF-8' encoding to copy filtered resources.                       ",{}]],"12":[["[INFO] skip non existing resourceDirectory /home/rabbit/projects/airomem/airomem",{}]],"13":[["-core/src/test/resources                                                        ",{}]],"14":[["[INFO]                                                                          ",{}]],"15":[["[INFO] --- maven-compiler-plugin:2.5.1:testCompile (default-testCompile) @ airom",{}]],"16":[["em-core ---                                                                     ",{}]],"17":[["[INFO] Compiling 14 source files to /home/rabbit/projects/airomem/airomem-core/t",{}]],"18":[["arget/test-classes                                                              ",{}]],"19":[["[INFO]                                                                          ",{}]],"20":[["[INFO] --- maven-surefire-plugin:2.12.4:test (default-test) @ airomem-core ---  ",{}]],"21":[["[INFO] Surefire report directory: /home/rabbit/projects/airomem/airomem-core/tar",{}]],"22":[["get/surefire-reports                                                            ",{}]]}}],[0.092636,{"lines":{"0":[["-core/src/main/resources                                                        ",{}]],"1":[["[INFO]                                                                          ",{}]],"2":[["[INFO] --- maven-compiler-plugin:2.5.1:compile (default-compile) @ airomem-core ",{}]],"3":[["---                                                                             ",{}]],"4":[["[INFO] Compiling 16 source files to /home/rabbit/projects/airomem/airomem-core/t",{}]],"5":[["arget/classes                                                                   ",{}]],"6":[["[INFO]                                                                          ",{}]],"7":[["[INFO] --- maven-resources-plugin:2.6:testResources (default-testResources) @ ai",{}]],"8":[["romem-core ---                                                                  ",{}]],"9":[["[INFO] Using 'UTF-8' encoding to copy filtered resources.                       ",{}]],"10":[["[INFO] skip non existing resourceDirectory /home/rabbit/projects/airomem/airomem",{}]],"11":[["-core/src/test/resources                                                        ",{}]],"12":[["[INFO]                                                                          ",{}]],"13":[["[INFO] --- maven-compiler-plugin:2.5.1:testCompile (default-testCompile) @ airom",{}]],"14":[["em-core ---                                                                     ",{}]],"15":[["[INFO] Compiling 14 source files to /home/rabbit/projects/airomem/airomem-core/t",{}]],"16":[["arget/test-classes                                                              ",{}]],"17":[["[INFO]                                                                          ",{}]],"18":[["[INFO] --- maven-surefire-plugin:2.12.4:test (default-test) @ airomem-core ---  ",{}]],"19":[["[INFO] Surefire report directory: /home/rabbit/projects/airomem/airomem-core/tar",{}]],"20":[["get/surefire-reports                                                            ",{}]],"21":[["                                                                                ",{}]],"22":[["-------------------------------------------------------                         ",{}]]}}],[7.999999999999999e-05,{"lines":{"0":[["[INFO] --- maven-compiler-plugin:2.5.1:compile (default-compile) @ airomem-core ",{}]],"1":[["---                                                                             ",{}]],"2":[["[INFO] Compiling 16 source files to /home/rabbit/projects/airomem/airomem-core/t",{}]],"3":[["arget/classes                                                                   ",{}]],"4":[["[INFO]                                                                          ",{}]],"5":[["[INFO] --- maven-resources-plugin:2.6:testResources (default-testResources) @ ai",{}]],"6":[["romem-core ---                                                                  ",{}]],"7":[["[INFO] Using 'UTF-8' encoding to copy filtered resources.                       ",{}]],"8":[["[INFO] skip non existing resourceDirectory /home/rabbit/projects/airomem/airomem",{}]],"9":[["-core/src/test/resources                                                        ",{}]],"10":[["[INFO]                                                                          ",{}]],"11":[["[INFO] --- maven-compiler-plugin:2.5.1:testCompile (default-testCompile) @ airom",{}]],"12":[["em-core ---                                                                     ",{}]],"13":[["[INFO] Compiling 14 source files to /home/rabbit/projects/airomem/airomem-core/t",{}]],"14":[["arget/test-classes                                                              ",{}]],"15":[["[INFO]                                                                          ",{}]],"16":[["[INFO] --- maven-surefire-plugin:2.12.4:test (default-test) @ airomem-core ---  ",{}]],"17":[["[INFO] Surefire report directory: /home/rabbit/projects/airomem/airomem-core/tar",{}]],"18":[["get/surefire-reports                                                            ",{}]],"19":[["                                                                                ",{}]],"20":[["-------------------------------------------------------                         ",{}]],"21":[[" T E S T S                                                                      ",{}]]}}],[0.9060820000000001,{"lines":{"0":[["---                                                                             ",{}]],"1":[["[INFO] Compiling 16 source files to /home/rabbit/projects/airomem/airomem-core/t",{}]],"2":[["arget/classes                                                                   ",{}]],"3":[["[INFO]                                                                          ",{}]],"4":[["[INFO] --- maven-resources-plugin:2.6:testResources (default-testResources) @ ai",{}]],"5":[["romem-core ---                                                                  ",{}]],"6":[["[INFO] Using 'UTF-8' encoding to copy filtered resources.                       ",{}]],"7":[["[INFO] skip non existing resourceDirectory /home/rabbit/projects/airomem/airomem",{}]],"8":[["-core/src/test/resources                                                        ",{}]],"9":[["[INFO]                                                                          ",{}]],"10":[["[INFO] --- maven-compiler-plugin:2.5.1:testCompile (default-testCompile) @ airom",{}]],"11":[["em-core ---                                                                     ",{}]],"12":[["[INFO] Compiling 14 source files to /home/rabbit/projects/airomem/airomem-core/t",{}]],"13":[["arget/test-classes                                                              ",{}]],"14":[["[INFO]                                                                          ",{}]],"15":[["[INFO] --- maven-surefire-plugin:2.12.4:test (default-test) @ airomem-core ---  ",{}]],"16":[["[INFO] Surefire report directory: /home/rabbit/projects/airomem/airomem-core/tar",{}]],"17":[["get/surefire-reports                                                            ",{}]],"18":[["                                                                                ",{}]],"19":[["-------------------------------------------------------                         ",{}]],"20":[[" T E S T S                                                                      ",{}]],"21":[["-------------------------------------------------------                         ",{}]],"22":[["Running pl.setblack.airomem.core.InternalTransactionTest                        ",{}]]}}],[0.213984,{"lines":{"0":[["[INFO] Compiling 16 source files to /home/rabbit/projects/airomem/airomem-core/t",{}]],"1":[["arget/classes                                                                   ",{}]],"2":[["[INFO]                                                                          ",{}]],"3":[["[INFO] --- maven-resources-plugin:2.6:testResources (default-testResources) @ ai",{}]],"4":[["romem-core ---                                                                  ",{}]],"5":[["[INFO] Using 'UTF-8' encoding to copy filtered resources.                       ",{}]],"6":[["[INFO] skip non existing resourceDirectory /home/rabbit/projects/airomem/airomem",{}]],"7":[["-core/src/test/resources                                                        ",{}]],"8":[["[INFO]                                                                          ",{}]],"9":[["[INFO] --- maven-compiler-plugin:2.5.1:testCompile (default-testCompile) @ airom",{}]],"10":[["em-core ---                                                                     ",{}]],"11":[["[INFO] Compiling 14 source files to /home/rabbit/projects/airomem/airomem-core/t",{}]],"12":[["arget/test-classes                                                              ",{}]],"13":[["[INFO]                                                                          ",{}]],"14":[["[INFO] --- maven-surefire-plugin:2.12.4:test (default-test) @ airomem-core ---  ",{}]],"15":[["[INFO] Surefire report directory: /home/rabbit/projects/airomem/airomem-core/tar",{}]],"16":[["get/surefire-reports                                                            ",{}]],"17":[["                                                                                ",{}]],"18":[["-------------------------------------------------------                         ",{}]],"19":[[" T E S T S                                                                      ",{}]],"20":[["-------------------------------------------------------                         ",{}]],"21":[["Running pl.setblack.airomem.core.InternalTransactionTest                        ",{}]],"22":[["Tests run: 4, Failures: 0, Errors: 0, Skipped: 0, Time elapsed: 0.21 sec        ",{}]]}}],[0.033635,{"lines":{"0":[["arget/classes                                                                   ",{}]],"1":[["[INFO]                                                                          ",{}]],"2":[["[INFO] --- maven-resources-plugin:2.6:testResources (default-testResources) @ ai",{}]],"3":[["romem-core ---                                                                  ",{}]],"4":[["[INFO] Using 'UTF-8' encoding to copy filtered resources.                       ",{}]],"5":[["[INFO] skip non existing resourceDirectory /home/rabbit/projects/airomem/airomem",{}]],"6":[["-core/src/test/resources                                                        ",{}]],"7":[["[INFO]                                                                          ",{}]],"8":[["[INFO] --- maven-compiler-plugin:2.5.1:testCompile (default-testCompile) @ airom",{}]],"9":[["em-core ---                                                                     ",{}]],"10":[["[INFO] Compiling 14 source files to /home/rabbit/projects/airomem/airomem-core/t",{}]],"11":[["arget/test-classes                                                              ",{}]],"12":[["[INFO]                                                                          ",{}]],"13":[["[INFO] --- maven-surefire-plugin:2.12.4:test (default-test) @ airomem-core ---  ",{}]],"14":[["[INFO] Surefire report directory: /home/rabbit/projects/airomem/airomem-core/tar",{}]],"15":[["get/surefire-reports                                                            ",{}]],"16":[["                                                                                ",{}]],"17":[["-------------------------------------------------------                         ",{}]],"18":[[" T E S T S                                                                      ",{}]],"19":[["-------------------------------------------------------                         ",{}]],"20":[["Running pl.setblack.airomem.core.InternalTransactionTest                        ",{}]],"21":[["Tests run: 4, Failures: 0, Errors: 0, Skipped: 0, Time elapsed: 0.21 sec        ",{}]],"22":[["Running pl.setblack.airomem.core.sequnce.SequencePersistenceTest                ",{}]]}}],[0.444441,{"lines":{"0":[["[INFO]                                                                          ",{}]],"1":[["[INFO] --- maven-resources-plugin:2.6:testResources (default-testResources) @ ai",{}]],"2":[["romem-core ---                                                                  ",{}]],"3":[["[INFO] Using 'UTF-8' encoding to copy filtered resources.                       ",{}]],"4":[["[INFO] skip non existing resourceDirectory /home/rabbit/projects/airomem/airomem",{}]],"5":[["-core/src/test/resources                                                        ",{}]],"6":[["[INFO]                                                                          ",{}]],"7":[["[INFO] --- maven-compiler-plugin:2.5.1:testCompile (default-testCompile) @ airom",{}]],"8":[["em-core ---                                                                     ",{}]],"9":[["[INFO] Compiling 14 source files to /home/rabbit/projects/airomem/airomem-core/t",{}]],"10":[["arget/test-classes                                                              ",{}]],"11":[["[INFO]                                                                          ",{}]],"12":[["[INFO] --- maven-surefire-plugin:2.12.4:test (default-test) @ airomem-core ---  ",{}]],"13":[["[INFO] Surefire report directory: /home/rabbit/projects/airomem/airomem-core/tar",{}]],"14":[["get/surefire-reports                                                            ",{}]],"15":[["                                                                                ",{}]],"16":[["-------------------------------------------------------                         ",{}]],"17":[[" T E S T S                                                                      ",{}]],"18":[["-------------------------------------------------------                         ",{}]],"19":[["Running pl.setblack.airomem.core.InternalTransactionTest                        ",{}]],"20":[["Tests run: 4, Failures: 0, Errors: 0, Skipped: 0, Time elapsed: 0.21 sec        ",{}]],"21":[["Running pl.setblack.airomem.core.sequnce.SequencePersistenceTest                ",{}]],"22":[["Tests run: 2, Failures: 0, Errors: 0, Skipped: 0, Time elapsed: 0.444 sec       ",{}]]}}],[0.012321,{"lines":{"0":[["-core/src/test/resources                                                        ",{}]],"1":[["[INFO]                                                                          ",{}]],"2":[["[INFO] --- maven-compiler-plugin:2.5.1:testCompile (default-testCompile) @ airom",{}]],"3":[["em-core ---                                                                     ",{}]],"4":[["[INFO] Compiling 14 source files to /home/rabbit/projects/airomem/airomem-core/t",{}]],"5":[["arget/test-classes                                                              ",{}]],"7":[["[INFO] --- maven-surefire-plugin:2.12.4:test (default-test) @ airomem-core ---  ",{}]],"8":[["[INFO] Surefire report directory: /home/rabbit/projects/airomem/airomem-core/tar",{}]],"9":[["get/surefire-reports                                                            ",{}]],"10":[["                                                                                ",{}]],"11":[["-------------------------------------------------------                         ",{}]],"12":[[" T E S T S                                                                      ",{}]],"13":[["-------------------------------------------------------                         ",{}]],"14":[["Running pl.setblack.airomem.core.InternalTransactionTest                        ",{}]],"15":[["Tests run: 4, Failures: 0, Errors: 0, Skipped: 0, Time elapsed: 0.21 sec        ",{}]],"16":[["Running pl.setblack.airomem.core.sequnce.SequencePersistenceTest                ",{}]],"17":[["Tests run: 2, Failures: 0, Errors: 0, Skipped: 0, Time elapsed: 0.444 sec       ",{}]],"18":[["Running pl.setblack.airomem.core.sequnce.SequenceTest                           ",{}]],"19":[["Tests run: 1, Failures: 0, Errors: 0, Skipped: 0, Time elapsed: 0.001 sec       ",{}]],"20":[["Running pl.setblack.airomem.core.CommandTest                                    ",{}]],"21":[["Tests run: 1, Failures: 0, Errors: 0, Skipped: 0, Time elapsed: 0.001 sec       ",{}]],"22":[["Running pl.setblack.airomem.core.SimpleControllerTest                           ",{}]]}}],[0.102209,{"lines":{"0":[["[INFO]                                                                          ",{}]],"1":[["[INFO] --- maven-compiler-plugin:2.5.1:testCompile (default-testCompile) @ airom",{}]],"2":[["em-core ---                                                                     ",{}]],"3":[["[INFO] Compiling 14 source files to /home/rabbit/projects/airomem/airomem-core/t",{}]],"4":[["arget/test-classes                                                              ",{}]],"5":[["[INFO]                                                                          ",{}]],"6":[["[INFO] --- maven-surefire-plugin:2.12.4:test (default-test) @ airomem-core ---  ",{}]],"7":[["[INFO] Surefire report directory: /home/rabbit/projects/airomem/airomem-core/tar",{}]],"8":[["get/surefire-reports                                                            ",{}]],"9":[["                                                                                ",{}]],"10":[["-------------------------------------------------------                         ",{}]],"11":[[" T E S T S                                                                      ",{}]],"12":[["-------------------------------------------------------                         ",{}]],"13":[["Running pl.setblack.airomem.core.InternalTransactionTest                        ",{}]],"14":[["Tests run: 4, Failures: 0, Errors: 0, Skipped: 0, Time elapsed: 0.21 sec        ",{}]],"15":[["Running pl.setblack.airomem.core.sequnce.SequencePersistenceTest                ",{}]],"16":[["Tests run: 2, Failures: 0, Errors: 0, Skipped: 0, Time elapsed: 0.444 sec       ",{}]],"17":[["Running pl.setblack.airomem.core.sequnce.SequenceTest                           ",{}]],"18":[["Tests run: 1, Failures: 0, Errors: 0, Skipped: 0, Time elapsed: 0.001 sec       ",{}]],"19":[["Running pl.setblack.airomem.core.CommandTest                                    ",{}]],"20":[["Tests run: 1, Failures: 0, Errors: 0, Skipped: 0, Time elapsed: 0.001 sec       ",{}]],"21":[["Running pl.setblack.airomem.core.SimpleControllerTest                           ",{}]],"22":[["Tests run: 13, Failures: 0, Errors: 0, Skipped: 0, Time elapsed: 0.102 sec      ",{}]]}}],[0.00979,{"lines":{"0":[["[INFO] --- maven-compiler-plugin:2.5.1:testCompile (default-testCompile) @ airom",{}]],"1":[["em-core ---                                                                     ",{}]],"2":[["[INFO] Compiling 14 source files to /home/rabbit/projects/airomem/airomem-core/t",{}]],"3":[["arget/test-classes                                                              ",{}]],"4":[["[INFO]                                                                          ",{}]],"5":[["[INFO] --- maven-surefire-plugin:2.12.4:test (default-test) @ airomem-core ---  ",{}]],"6":[["[INFO] Surefire report directory: /home/rabbit/projects/airomem/airomem-core/tar",{}]],"7":[["get/surefire-reports                                                            ",{}]],"8":[["                                                                                ",{}]],"9":[["-------------------------------------------------------                         ",{}]],"10":[[" T E S T S                                                                      ",{}]],"11":[["-------------------------------------------------------                         ",{}]],"12":[["Running pl.setblack.airomem.core.InternalTransactionTest                        ",{}]],"13":[["Tests run: 4, Failures: 0, Errors: 0, Skipped: 0, Time elapsed: 0.21 sec        ",{}]],"14":[["Running pl.setblack.airomem.core.sequnce.SequencePersistenceTest                ",{}]],"15":[["Tests run: 2, Failures: 0, Errors: 0, Skipped: 0, Time elapsed: 0.444 sec       ",{}]],"16":[["Running pl.setblack.airomem.core.sequnce.SequenceTest                           ",{}]],"17":[["Tests run: 1, Failures: 0, Errors: 0, Skipped: 0, Time elapsed: 0.001 sec       ",{}]],"18":[["Running pl.setblack.airomem.core.CommandTest                                    ",{}]],"19":[["Tests run: 1, Failures: 0, Errors: 0, Skipped: 0, Time elapsed: 0.001 sec       ",{}]],"20":[["Running pl.setblack.airomem.core.SimpleControllerTest                           ",{}]],"21":[["Tests run: 13, Failures: 0, Errors: 0, Skipped: 0, Time elapsed: 0.102 sec      ",{}]],"22":[["Running pl.setblack.airomem.core.WriteCheckerTest                               ",{}]]}}],[0.269191,{"lines":{"0":[["em-core ---                                                                     ",{}]],"1":[["[INFO] Compiling 14 source files to /home/rabbit/projects/airomem/airomem-core/t",{}]],"2":[["arget/test-classes                                                              ",{}]],"3":[["[INFO]                                                                          ",{}]],"4":[["[INFO] --- maven-surefire-plugin:2.12.4:test (default-test) @ airomem-core ---  ",{}]],"5":[["[INFO] Surefire report directory: /home/rabbit/projects/airomem/airomem-core/tar",{}]],"6":[["get/surefire-reports                                                            ",{}]],"7":[["                                                                                ",{}]],"8":[["-------------------------------------------------------                         ",{}]],"9":[[" T E S T S                                                                      ",{}]],"10":[["-------------------------------------------------------                         ",{}]],"11":[["Running pl.setblack.airomem.core.InternalTransactionTest                        ",{}]],"12":[["Tests run: 4, Failures: 0, Errors: 0, Skipped: 0, Time elapsed: 0.21 sec        ",{}]],"13":[["Running pl.setblack.airomem.core.sequnce.SequencePersistenceTest                ",{}]],"14":[["Tests run: 2, Failures: 0, Errors: 0, Skipped: 0, Time elapsed: 0.444 sec       ",{}]],"15":[["Running pl.setblack.airomem.core.sequnce.SequenceTest                           ",{}]],"16":[["Tests run: 1, Failures: 0, Errors: 0, Skipped: 0, Time elapsed: 0.001 sec       ",{}]],"17":[["Running pl.setblack.airomem.core.CommandTest                                    ",{}]],"18":[["Tests run: 1, Failures: 0, Errors: 0, Skipped: 0, Time elapsed: 0.001 sec       ",{}]],"19":[["Running pl.setblack.airomem.core.SimpleControllerTest                           ",{}]],"20":[["Tests run: 13, Failures: 0, Errors: 0, Skipped: 0, Time elapsed: 0.102 sec      ",{}]],"21":[["Running pl.setblack.airomem.core.WriteCheckerTest                               ",{}]],"22":[["Tests run: 3, Failures: 0, Errors: 0, Skipped: 0, Time elapsed: 0.269 sec       ",{}]]}}],[0.00792,{"lines":{"0":[["[INFO] Compiling 14 source files to /home/rabbit/projects/airomem/airomem-core/t",{}]],"1":[["arget/test-classes                                                              ",{}]],"2":[["[INFO]                                                                          ",{}]],"3":[["[INFO] --- maven-surefire-plugin:2.12.4:test (default-test) @ airomem-core ---  ",{}]],"4":[["[INFO] Surefire report directory: /home/rabbit/projects/airomem/airomem-core/tar",{}]],"5":[["get/surefire-reports                                                            ",{}]],"6":[["                                                                                ",{}]],"7":[["-------------------------------------------------------                         ",{}]],"8":[[" T E S T S                                                                      ",{}]],"9":[["-------------------------------------------------------                         ",{}]],"10":[["Running pl.setblack.airomem.core.InternalTransactionTest                        ",{}]],"11":[["Tests run: 4, Failures: 0, Errors: 0, Skipped: 0, Time elapsed: 0.21 sec        ",{}]],"12":[["Running pl.setblack.airomem.core.sequnce.SequencePersistenceTest                ",{}]],"13":[["Tests run: 2, Failures: 0, Errors: 0, Skipped: 0, Time elapsed: 0.444 sec       ",{}]],"14":[["Running pl.setblack.airomem.core.sequnce.SequenceTest                           ",{}]],"15":[["Tests run: 1, Failures: 0, Errors: 0, Skipped: 0, Time elapsed: 0.001 sec       ",{}]],"16":[["Running pl.setblack.airomem.core.CommandTest                                    ",{}]],"17":[["Tests run: 1, Failures: 0, Errors: 0, Skipped: 0, Time elapsed: 0.001 sec       ",{}]],"18":[["Running pl.setblack.airomem.core.SimpleControllerTest                           ",{}]],"19":[["Tests run: 13, Failures: 0, Errors: 0, Skipped: 0, Time elapsed: 0.102 sec      ",{}]],"20":[["Running pl.setblack.airomem.core.WriteCheckerTest                               ",{}]],"21":[["Tests run: 3, Failures: 0, Errors: 0, Skipped: 0, Time elapsed: 0.269 sec       ",{}]],"22":[["Running pl.setblack.airomem.core.PersistenceFactoryTest                         ",{}]]}}],[0.06859899999999999,{"lines":{"0":[["[INFO]                                                                          ",{}]],"1":[["[INFO] --- maven-surefire-plugin:2.12.4:test (default-test) @ airomem-core ---  ",{}]],"2":[["[INFO] Surefire report directory: /home/rabbit/projects/airomem/airomem-core/tar",{}]],"3":[["get/surefire-reports                                                            ",{}]],"4":[["                                                                                ",{}]],"5":[["-------------------------------------------------------                         ",{}]],"6":[[" T E S T S                                                                      ",{}]],"8":[["Running pl.setblack.airomem.core.InternalTransactionTest                        ",{}]],"9":[["Tests run: 4, Failures: 0, Errors: 0, Skipped: 0, Time elapsed: 0.21 sec        ",{}]],"10":[["Running pl.setblack.airomem.core.sequnce.SequencePersistenceTest                ",{}]],"11":[["Tests run: 2, Failures: 0, Errors: 0, Skipped: 0, Time elapsed: 0.444 sec       ",{}]],"12":[["Running pl.setblack.airomem.core.sequnce.SequenceTest                           ",{}]],"13":[["Tests run: 1, Failures: 0, Errors: 0, Skipped: 0, Time elapsed: 0.001 sec       ",{}]],"14":[["Running pl.setblack.airomem.core.CommandTest                                    ",{}]],"16":[["Running pl.setblack.airomem.core.SimpleControllerTest                           ",{}]],"17":[["Tests run: 13, Failures: 0, Errors: 0, Skipped: 0, Time elapsed: 0.102 sec      ",{}]],"18":[["Running pl.setblack.airomem.core.WriteCheckerTest                               ",{}]],"19":[["Tests run: 3, Failures: 0, Errors: 0, Skipped: 0, Time elapsed: 0.269 sec       ",{}]],"20":[["Running pl.setblack.airomem.core.PersistenceFactoryTest                         ",{}]],"21":[["Tests run: 11, Failures: 2, Errors: 0, Skipped: 0, Time elapsed: 0.075 sec <<< F",{}]],"22":[["AILURE!                                                                         ",{}]]}}],[0.003891,{"lines":{"0":[["        at org.apache.maven.surefire.junit4.JUnit4Provider.executeTestSet(JUnit4",{}]],"1":[["Provider.java:141)                                                              ",{}]],"2":[["        at org.apache.maven.surefire.junit4.JUnit4Provider.invoke(JUnit4Provider",{}]],"3":[[".java:112)                                                                      ",{}]],"4":[["        at sun.reflect.NativeMethodAccessorImpl.invoke0(Native Method)          ",{}]],"5":[["        at sun.reflect.NativeMethodAccessorImpl.invoke(NativeMethodAccessorImpl.",{}]],"6":[["java:62)                                                                        ",{}]],"7":[["        at sun.reflect.DelegatingMethodAccessorImpl.invoke(DelegatingMethodAcces",{}]],"8":[["sorImpl.java:43)                                                                ",{}]],"9":[["        at java.lang.reflect.Method.invoke(Method.java:483)                     ",{}]],"10":[["        at org.apache.maven.surefire.util.ReflectionUtils.invokeMethodWithArray(",{}]],"11":[["ReflectionUtils.java:189)                                                       ",{}]],"12":[["        at org.apache.maven.surefire.booter.ProviderFactory$ProviderProxy.invoke",{}]],"13":[["(ProviderFactory.java:165)                                                      ",{}]],"14":[["        at org.apache.maven.surefire.booter.ProviderFactory.invokeProvider(Provi",{}]],"15":[["derFactory.java:85)                                                             ",{}]],"16":[["        at org.apache.maven.surefire.booter.ForkedBooter.runSuitesInProcess(Fork",{}]],"17":[["edBooter.java:115)                                                              ",{}]],"18":[["        at org.apache.maven.surefire.booter.ForkedBooter.main(ForkedBooter.java:",{}]],"19":[["75)                                                                             ",{}]],"20":[["                                                                                ",{}]],"21":[["Running pl.setblack.airomem.data.DataRootTest                                   ",{}]],"22":[["Tests run: 1, Failures: 0, Errors: 0, Skipped: 0, Time elapsed: 0.001 sec       ",{}]]}}],[0.13474,{"lines":{"0":[["        at org.apache.maven.surefire.junit4.JUnit4Provider.invoke(JUnit4Provider",{}]],"1":[[".java:112)                                                                      ",{}]],"2":[["        at sun.reflect.NativeMethodAccessorImpl.invoke0(Native Method)          ",{}]],"3":[["        at sun.reflect.NativeMethodAccessorImpl.invoke(NativeMethodAccessorImpl.",{}]],"4":[["java:62)                                                                        ",{}]],"5":[["        at sun.reflect.DelegatingMethodAccessorImpl.invoke(DelegatingMethodAcces",{}]],"6":[["sorImpl.java:43)                                                                ",{}]],"7":[["        at java.lang.reflect.Method.invoke(Method.java:483)                     ",{}]],"8":[["        at org.apache.maven.surefire.util.ReflectionUtils.invokeMethodWithArray(",{}]],"9":[["ReflectionUtils.java:189)                                                       ",{}]],"10":[["        at org.apache.maven.surefire.booter.ProviderFactory$ProviderProxy.invoke",{}]],"11":[["(ProviderFactory.java:165)                                                      ",{}]],"12":[["        at org.apache.maven.surefire.booter.ProviderFactory.invokeProvider(Provi",{}]],"13":[["derFactory.java:85)                                                             ",{}]],"14":[["        at org.apache.maven.surefire.booter.ForkedBooter.runSuitesInProcess(Fork",{}]],"15":[["edBooter.java:115)                                                              ",{}]],"16":[["        at org.apache.maven.surefire.booter.ForkedBooter.main(ForkedBooter.java:",{}]],"17":[["75)                                                                             ",{}]],"18":[["                                                                                ",{}]],"19":[["Running pl.setblack.airomem.data.DataRootTest                                   ",{}]],"20":[["Tests run: 1, Failures: 0, Errors: 0, Skipped: 0, Time elapsed: 0.001 sec       ",{}]],"21":[["                                                                                ",{}]],"22":[["Results :                                                                       ",{}]]}}],[0.005548999999999999,{"lines":{"0":[["derFactory.java:85)                                                             ",{}]],"1":[["        at org.apache.maven.surefire.booter.ForkedBooter.runSuitesInProcess(Fork",{}]],"2":[["edBooter.java:115)                                                              ",{}]],"3":[["        at org.apache.maven.surefire.booter.ForkedBooter.main(ForkedBooter.java:",{}]],"4":[["75)                                                                             ",{}]],"5":[["                                                                                ",{}]],"6":[["Running pl.setblack.airomem.data.DataRootTest                                   ",{}]],"7":[["Tests run: 1, Failures: 0, Errors: 0, Skipped: 0, Time elapsed: 0.001 sec       ",{}]],"8":[["                                                                                ",{}]],"9":[["Results :                                                                       ",{}]],"10":[["                                                                                ",{}]],"11":[["Failed tests:   testExecuteStored(pl.setblack.airomem.core.PersistenceFactoryTes",{}]],"12":[["t): Context was initialized before                                              ",{}]],"13":[["  testExecuteWithDate(pl.setblack.airomem.core.PersistenceFactoryTest): Context ",{}]],"14":[["was initialized before                                                          ",{}]],"15":[["                                                                                ",{}]],"16":[["Tests run: 36, Failures: 2, Errors: 0, Skipped: 0                               ",{}]],"17":[["                                                                                ",{}]],"18":[["[INFO] ------------------------------------------------------------------------ ",{}]],"19":[["[INFO] BUILD FAILURE                                                            ",{}]],"20":[["[INFO] ------------------------------------------------------------------------ ",{}]],"21":[["[INFO] Total time: 5.642 s                                                      ",{}]],"22":[["[INFO] Finished at: 2014-08-26T12:27:17+02:00                                   ",{}]]}}],[0.210454,{"lines":{"0":[["        at org.apache.maven.surefire.booter.ForkedBooter.runSuitesInProcess(Fork",{}]],"1":[["edBooter.java:115)                                                              ",{}]],"2":[["        at org.apache.maven.surefire.booter.ForkedBooter.main(ForkedBooter.java:",{}]],"3":[["75)                                                                             ",{}]],"4":[["                                                                                ",{}]],"5":[["Running pl.setblack.airomem.data.DataRootTest                                   ",{}]],"6":[["Tests run: 1, Failures: 0, Errors: 0, Skipped: 0, Time elapsed: 0.001 sec       ",{}]],"7":[["                                                                                ",{}]],"8":[["Results :                                                                       ",{}]],"9":[["                                                                                ",{}]],"10":[["Failed tests:   testExecuteStored(pl.setblack.airomem.core.PersistenceFactoryTes",{}]],"11":[["t): Context was initialized before                                              ",{}]],"12":[["  testExecuteWithDate(pl.setblack.airomem.core.PersistenceFactoryTest): Context ",{}]],"13":[["was initialized before                                                          ",{}]],"14":[["                                                                                ",{}]],"15":[["Tests run: 36, Failures: 2, Errors: 0, Skipped: 0                               ",{}]],"16":[["                                                                                ",{}]],"17":[["[INFO] ------------------------------------------------------------------------ ",{}]],"18":[["[INFO] BUILD FAILURE                                                            ",{}]],"19":[["[INFO] ------------------------------------------------------------------------ ",{}]],"20":[["[INFO] Total time: 5.642 s                                                      ",{}]],"21":[["[INFO] Finished at: 2014-08-26T12:27:17+02:00                                   ",{}]],"22":[["[INFO] Final Memory: 18M/91M                                                    ",{}]]}}],[0.004428999999999999,{"lines":{"0":[["                                                                                ",{}]],"1":[["[INFO] ------------------------------------------------------------------------ ",{}]],"2":[["[INFO] BUILD FAILURE                                                            ",{}]],"3":[["[INFO] ------------------------------------------------------------------------ ",{}]],"4":[["[INFO] Total time: 5.642 s                                                      ",{}]],"5":[["[INFO] Finished at: 2014-08-26T12:27:17+02:00                                   ",{}]],"6":[["[INFO] Final Memory: 18M/91M                                                    ",{}]],"7":[["[INFO] ------------------------------------------------------------------------ ",{}]],"8":[["[ERROR] Failed to execute goal org.apache.maven.plugins:maven-surefire-plugin:2.",{}]],"9":[["12.4:test (default-test) on project airomem-core: There are test failures.      ",{}]],"10":[["[ERROR]                                                                         ",{}]],"11":[["[ERROR] Please refer to /home/rabbit/projects/airomem/airomem-core/target/surefi",{}]],"12":[["re-reports for the individual test results.                                     ",{}]],"13":[["[ERROR] -> [Help 1]                                                             ",{}]],"14":[["[ERROR]                                                                         ",{}]],"15":[["[ERROR] To see the full stack trace of the errors, re-run Maven with the -e swit",{}]],"16":[["ch.                                                                             ",{}]],"17":[["[ERROR] Re-run Maven using the -X switch to enable full debug logging.          ",{}]],"18":[["[ERROR]                                                                         ",{}]],"19":[["[ERROR] For more information about the errors and possible solutions, please rea",{}]],"20":[["d the following articles:                                                       ",{}]],"21":[["[ERROR] [Help 1] http://cwiki.apache.org/confluence/display/MAVEN/MojoFailureExc",{}]],"22":[["eption                                                                          ",{}]]}}],[0.046195,{"lines":{"23":[["rabbit@optimusprime:~/projects/airomem/airomem-core$                            ",{}]]},"cursor":{"x":53}}],[1.57466,{"lines":{"23":[["rabbit@optimusprime:~/projects/airomem/airomem-core$ l                          ",{}]]},"cursor":{"x":54}}],[0.08276600000000001,{"lines":{"23":[["rabbit@optimusprime:~/projects/airomem/airomem-core$ ls                         ",{}]]},"cursor":{"x":55}}],[0.177936,{"cursor":{"x":56}}],[0.120699,{"lines":{"23":[["rabbit@optimusprime:~/projects/airomem/airomem-core$ ls -                       ",{}]]},"cursor":{"x":57}}],[0.250892,{"lines":{"23":[["rabbit@optimusprime:~/projects/airomem/airomem-core$ ls -l                      ",{}]]},"cursor":{"x":58}}],[0.138677,{"lines":{"23":[["rabbit@optimusprime:~/projects/airomem/airomem-core$ ls -la                     ",{}]]},"cursor":{"x":59}}],[0.18975,{"lines":{"23":[["rabbit@optimusprime:~/projects/airomem/airomem-core$ ls -lat                    ",{}]]},"cursor":{"x":60}}],[0.196717,{"lines":{"0":[["[INFO] ------------------------------------------------------------------------ ",{}]],"1":[["[INFO] BUILD FAILURE                                                            ",{}]],"2":[["[INFO] ------------------------------------------------------------------------ ",{}]],"3":[["[INFO] Total time: 5.642 s                                                      ",{}]],"4":[["[INFO] Finished at: 2014-08-26T12:27:17+02:00                                   ",{}]],"5":[["[INFO] Final Memory: 18M/91M                                                    ",{}]],"6":[["[INFO] ------------------------------------------------------------------------ ",{}]],"7":[["[ERROR] Failed to execute goal org.apache.maven.plugins:maven-surefire-plugin:2.",{}]],"8":[["12.4:test (default-test) on project airomem-core: There are test failures.      ",{}]],"9":[["[ERROR]                                                                         ",{}]],"10":[["[ERROR] Please refer to /home/rabbit/projects/airomem/airomem-core/target/surefi",{}]],"11":[["re-reports for the individual test results.                                     ",{}]],"12":[["[ERROR] -> [Help 1]                                                             ",{}]],"13":[["[ERROR]                                                                         ",{}]],"14":[["[ERROR] To see the full stack trace of the errors, re-run Maven with the -e swit",{}]],"15":[["ch.                                                                             ",{}]],"16":[["[ERROR] Re-run Maven using the -X switch to enable full debug logging.          ",{}]],"17":[["[ERROR]                                                                         ",{}]],"18":[["[ERROR] For more information about the errors and possible solutions, please rea",{}]],"19":[["d the following articles:                                                       ",{}]],"20":[["[ERROR] [Help 1] http://cwiki.apache.org/confluence/display/MAVEN/MojoFailureExc",{}]],"21":[["eption                                                                          ",{}]],"22":[["rabbit@optimusprime:~/projects/airomem/airomem-core$ ls -lat                    ",{}]],"23":[["                                                                                ",{}]]},"cursor":{"x":0}}],[0.009235,{"lines":{"0":[["[ERROR] Please refer to /home/rabbit/projects/airomem/airomem-core/target/surefi",{}]],"1":[["re-reports for the individual test results.                                     ",{}]],"2":[["[ERROR] -> [Help 1]                                                             ",{}]],"3":[["[ERROR]                                                                         ",{}]],"4":[["[ERROR] To see the full stack trace of the errors, re-run Maven with the -e swit",{}]],"5":[["ch.                                                                             ",{}]],"6":[["[ERROR] Re-run Maven using the -X switch to enable full debug logging.          ",{}]],"7":[["[ERROR]                                                                         ",{}]],"8":[["[ERROR] For more information about the errors and possible solutions, please rea",{}]],"9":[["d the following articles:                                                       ",{}]],"10":[["[ERROR] [Help 1] http://cwiki.apache.org/confluence/display/MAVEN/MojoFailureExc",{}]],"11":[["eption                                                                          ",{}]],"12":[["rabbit@optimusprime:~/projects/airomem/airomem-core$ ls -lat                    ",{}]],"13":[["total 40                                                                        ",{}]],"14":[["drwxrwxr-x 7 rabbit rabbit 4096 Aug 26 12:27 ",{}],["target",{"fg":4,"bold":true}],["                             ",{}]],"15":[["drwxrwxr-x 4 rabbit rabbit 4096 Aug 26 12:27 ",{}],[".",{"fg":4,"bold":true}],["                                  ",{}]],"16":[["drwxrwxr-x 7 rabbit rabbit 4096 Aug 24 09:35 ",{}],["..",{"fg":4,"bold":true}],["                                 ",{}]],"17":[["-rw-rw-r-- 1 rabbit rabbit  240 Aug 24 09:35 licenseheader.txt                  ",{}]],"18":[["-rw-rw-r-- 1 rabbit rabbit 1834 Aug 24 09:35 nbactions-release-profile.xml      ",{}]],"19":[["-rw-rw-r-- 1 rabbit rabbit 2614 Aug 24 09:35 nbactions.xml                      ",{}]],"20":[["-rw-rw-r-- 1 rabbit rabbit 1059 Aug 24 09:35 nb-configuration.xml               ",{}]],"21":[["-rw-rw-r-- 1 rabbit rabbit 7210 Aug 24 09:35 pom.xml                            ",{}]],"22":[["drwxrwxr-x 4 rabbit rabbit 4096 Aug 24 09:35 ",{}],["src",{"fg":4,"bold":true}],["                                ",{}]],"23":[["rabbit@optimusprime:~/projects/airomem/airomem-core$                            ",{}]]},"cursor":{"x":53}}],[3.227504,{"lines":{"0":[["re-reports for the individual test results.                                     ",{}]],"1":[["[ERROR] -> [Help 1]                                                             ",{}]],"2":[["[ERROR]                                                                         ",{}]],"3":[["[ERROR] To see the full stack trace of the errors, re-run Maven with the -e swit",{}]],"4":[["ch.                                                                             ",{}]],"5":[["[ERROR] Re-run Maven using the -X switch to enable full debug logging.          ",{}]],"6":[["[ERROR]                                                                         ",{}]],"7":[["[ERROR] For more information about the errors and possible solutions, please rea",{}]],"8":[["d the following articles:                                                       ",{}]],"9":[["[ERROR] [Help 1] http://cwiki.apache.org/confluence/display/MAVEN/MojoFailureExc",{}]],"10":[["eption                                                                          ",{}]],"11":[["rabbit@optimusprime:~/projects/airomem/airomem-core$ ls -lat                    ",{}]],"12":[["total 40                                                                        ",{}]],"13":[["drwxrwxr-x 7 rabbit rabbit 4096 Aug 26 12:27 ",{}],["target",{"fg":4,"bold":true}],["                             ",{}]],"14":[["drwxrwxr-x 4 rabbit rabbit 4096 Aug 26 12:27 ",{}],[".",{"fg":4,"bold":true}],["                                  ",{}]],"15":[["drwxrwxr-x 7 rabbit rabbit 4096 Aug 24 09:35 ",{}],["..",{"fg":4,"bold":true}],["                                 ",{}]],"16":[["-rw-rw-r-- 1 rabbit rabbit  240 Aug 24 09:35 licenseheader.txt                  ",{}]],"17":[["-rw-rw-r-- 1 rabbit rabbit 1834 Aug 24 09:35 nbactions-release-profile.xml      ",{}]],"18":[["-rw-rw-r-- 1 rabbit rabbit 2614 Aug 24 09:35 nbactions.xml                      ",{}]],"19":[["-rw-rw-r-- 1 rabbit rabbit 1059 Aug 24 09:35 nb-configuration.xml               ",{}]],"20":[["-rw-rw-r-- 1 rabbit rabbit 7210 Aug 24 09:35 pom.xml                            ",{}]],"21":[["drwxrwxr-x 4 rabbit rabbit 4096 Aug 24 09:35 ",{}],["src",{"fg":4,"bold":true}],["                                ",{}]],"22":[["rabbit@optimusprime:~/projects/airomem/airomem-core$ exit                       ",{}]],"23":[["                                                                                ",{}]]},"cursor":{"x":0}}]]